  [4;36;1mSQL (4.7ms)[0m   [0;1m SELECT name
 FROM sqlite_master
 WHERE type = 'table' AND NOT name = 'sqlite_sequence'
[0m
  [4;35;1mSQL (0.5ms)[0m   [0mselect sqlite_version(*)[0m
  [4;36;1mSQL (5.1ms)[0m   [0;1mCREATE TABLE "schema_migrations" ("version" varchar(255) NOT NULL) [0m
  [4;35;1mSQL (3.2ms)[0m   [0mCREATE UNIQUE INDEX "unique_schema_migrations" ON "schema_migrations" ("version")[0m
  [4;36;1mSQL (0.6ms)[0m   [0;1m SELECT name
 FROM sqlite_master
 WHERE type = 'table' AND NOT name = 'sqlite_sequence'
[0m
  [4;35;1mSQL (0.2ms)[0m   [0mSELECT version FROM schema_migrations[0m
Migrating to CreateItems (20100309011404)
  [4;36;1mSQL (9.6ms)[0m   [0;1mCREATE TABLE "items" ("id" INTEGER PRIMARY KEY AUTOINCREMENT NOT NULL, "name" varchar(255), "created_at" datetime, "updated_at" datetime) [0m
  [4;35;1mSQL (0.6ms)[0m   [0mINSERT INTO schema_migrations (version) VALUES ('20100309011404')[0m
  [4;36;1mSQL (0.8ms)[0m   [0;1m SELECT name
 FROM sqlite_master
 WHERE type = 'table' AND NOT name = 'sqlite_sequence'
[0m
  [4;35;1mSQL (0.4ms)[0m   [0mSELECT version FROM schema_migrations[0m
  [4;36;1mSQL (0.6ms)[0m   [0;1m SELECT name
 FROM sqlite_master
 WHERE type = 'table' AND NOT name = 'sqlite_sequence'
[0m
  [4;35;1mSQL (0.1ms)[0m   [0mPRAGMA index_list("items")[0m


Processing ItemsController#index (for 127.0.0.1 at 2010-03-08 20:15:33) [GET]
  [4;36;1mItem Load (6.2ms)[0m   [0;1mSELECT * FROM "items" [0m
Rendering template within layouts/items
Rendering items/index
Completed in 181ms (View: 165, DB: 6) | 200 OK [http://localhost/items]


Processing ItemsController#new (for 127.0.0.1 at 2010-03-08 20:15:37) [GET]
Rendering template within layouts/items
Rendering items/new
Completed in 48ms (View: 32, DB: 0) | 200 OK [http://localhost/items/new]


Processing ItemsController#create (for 127.0.0.1 at 2010-03-08 20:15:43) [POST]
  Parameters: {"authenticity_token"=>"0m8LpXXBx7U27aWQcFBef1gYllR8EOzfQOkKCIELsmI=", "item"=>{"name"=>"apple"}, "commit"=>"Create"}
  [4;35;1mItem Create (2.1ms)[0m   [0mINSERT INTO "items" ("name", "created_at", "updated_at") VALUES('apple', '2010-03-09 01:15:43', '2010-03-09 01:15:43')[0m
Redirected to http://localhost:3000/items/1
Completed in 23ms (DB: 2) | 302 Found [http://localhost/items]


Processing ItemsController#show (for 127.0.0.1 at 2010-03-08 20:15:43) [GET]
  Parameters: {"id"=>"1"}
  [4;36;1mItem Load (0.8ms)[0m   [0;1mSELECT * FROM "items" WHERE ("items"."id" = 1) [0m
Rendering template within layouts/items
Rendering items/show
Completed in 54ms (View: 33, DB: 1) | 200 OK [http://localhost/items/1]


Processing ItemsController#index (for 127.0.0.1 at 2010-03-08 20:15:46) [GET]
  [4;35;1mItem Load (1.3ms)[0m   [0mSELECT * FROM "items" [0m
Rendering template within layouts/items
Rendering items/index
Completed in 22ms (View: 9, DB: 1) | 200 OK [http://localhost/items]


Processing ItemsController#new (for 127.0.0.1 at 2010-03-08 20:15:49) [GET]
Rendering template within layouts/items
Rendering items/new


Processing ItemsController#index (for 127.0.0.1 at 2010-03-08 20:16:38) [GET]
  [4;36;1mItem Load (6.8ms)[0m   [0;1mSELECT * FROM "items" [0m
Rendering template within layouts/items
Rendering items/index
Completed in 194ms (View: 178, DB: 7) | 200 OK [http://localhost/items]


Processing ItemsController#new (for 127.0.0.1 at 2010-03-08 20:16:43) [GET]
Rendering template within layouts/items
Rendering items/new
Completed in 43ms (View: 32, DB: 0) | 200 OK [http://localhost/items/new]


Processing ItemsController#create (for 127.0.0.1 at 2010-03-08 20:16:48) [POST]
  Parameters: {"authenticity_token"=>"0m8LpXXBx7U27aWQcFBef1gYllR8EOzfQOkKCIELsmI=", "item"=>{"name"=>"aaaaa"}, "commit"=>"Create"}
  [4;35;1mItem Create (2.1ms)[0m   [0mINSERT INTO "items" ("name", "created_at", "updated_at") VALUES('aaaaa', '2010-03-09 01:16:48', '2010-03-09 01:16:48')[0m
Redirected to http://localhost:3000/items/2
Completed in 23ms (DB: 2) | 302 Found [http://localhost/items]


Processing ItemsController#show (for 127.0.0.1 at 2010-03-08 20:16:48) [GET]
  Parameters: {"id"=>"2"}
  [4;36;1mItem Load (0.9ms)[0m   [0;1mSELECT * FROM "items" WHERE ("items"."id" = 2) [0m
Rendering template within layouts/items
Rendering items/show
Completed in 54ms (View: 39, DB: 1) | 200 OK [http://localhost/items/2]


Processing ItemsController#index (for 127.0.0.1 at 2010-03-08 20:16:51) [GET]
  [4;35;1mItem Load (1.3ms)[0m   [0mSELECT * FROM "items" [0m
Rendering template within layouts/items
Rendering items/index
Completed in 22ms (View: 11, DB: 1) | 200 OK [http://localhost/items]


Processing ItemsController#new (for 127.0.0.1 at 2010-03-08 20:16:53) [GET]
Rendering template within layouts/items
Rendering items/new
Completed in 20ms (View: 8, DB: 0) | 200 OK [http://localhost/items/new]


Processing ItemsController#create (for 127.0.0.1 at 2010-03-08 20:16:55) [POST]
  Parameters: {"authenticity_token"=>"0m8LpXXBx7U27aWQcFBef1gYllR8EOzfQOkKCIELsmI=", "item"=>{"name"=>"uuuu"}, "commit"=>"Create"}
  [4;36;1mItem Create (0.9ms)[0m   [0;1mINSERT INTO "items" ("name", "created_at", "updated_at") VALUES('uuuu', '2010-03-09 01:16:56', '2010-03-09 01:16:56')[0m
Redirected to http://localhost:3000/items/3
Completed in 25ms (DB: 1) | 302 Found [http://localhost/items]


Processing ItemsController#show (for 127.0.0.1 at 2010-03-08 20:16:56) [GET]
  Parameters: {"id"=>"3"}
  [4;35;1mItem Load (0.6ms)[0m   [0mSELECT * FROM "items" WHERE ("items"."id" = 3) [0m
Rendering template within layouts/items
Rendering items/show
Completed in 21ms (View: 7, DB: 1) | 200 OK [http://localhost/items/3]


Processing ItemsController#edit (for 127.0.0.1 at 2010-03-08 20:16:58) [GET]
  Parameters: {"id"=>"3"}
  [4;36;1mSQL (3.5ms)[0m   [0;1m SELECT name
 FROM sqlite_master
 WHERE type = 'table' AND NOT name = 'sqlite_sequence'
[0m
  [4;35;1mSQL (0.2ms)[0m   [0mSELECT version FROM schema_migrations[0m
Migrating to CreateItems (20100309011404)
Migrating to CreateUsers (20100309203331)
  [4;36;1mSQL (0.2ms)[0m   [0;1mselect sqlite_version(*)[0m
  [4;35;1mSQL (1.4ms)[0m   [0mCREATE TABLE "users" ("id" INTEGER PRIMARY KEY AUTOINCREMENT NOT NULL, "name" varchar(255), "email" varchar(255), "created_at" datetime, "updated_at" datetime) [0m
  [4;36;1mSQL (0.4ms)[0m   [0;1mINSERT INTO schema_migrations (version) VALUES ('20100309203331')[0m
  [4;35;1mSQL (0.4ms)[0m   [0m SELECT name
 FROM sqlite_master
 WHERE type = 'table' AND NOT name = 'sqlite_sequence'
[0m
  [4;36;1mSQL (0.2ms)[0m   [0;1mSELECT version FROM schema_migrations[0m
  [4;35;1mSQL (0.2ms)[0m   [0m SELECT name
 FROM sqlite_master
 WHERE type = 'table' AND NOT name = 'sqlite_sequence'
[0m
  [4;36;1mSQL (0.1ms)[0m   [0;1mPRAGMA index_list("items")[0m
  [4;35;1mSQL (0.1ms)[0m   [0mPRAGMA index_list("users")[0m
  [4;36;1mSQL (3.5ms)[0m   [0;1m SELECT name
 FROM sqlite_master
 WHERE type = 'table' AND NOT name = 'sqlite_sequence'
[0m
  [4;35;1mSQL (0.2ms)[0m   [0mSELECT version FROM schema_migrations[0m
Migrating to CreateItems (20100309011404)
Migrating to CreateUsers (20100309203331)
Migrating to ImproveUser (20100309203809)
  [4;36;1mSQL (0.2ms)[0m   [0;1mselect sqlite_version(*)[0m
  [4;35;1mSQL (1.6ms)[0m   [0mDROP TABLE "items"[0m
  [4;36;1mSQL (0.5ms)[0m   [0;1mALTER TABLE "users" ADD "first_name" varchar(255)[0m
  [4;35;1mSQL (0.3ms)[0m   [0mALTER TABLE "users" ADD "last_name" varchar(255)[0m
  [4;36;1mSQL (0.4ms)[0m   [0;1mINSERT INTO schema_migrations (version) VALUES ('20100309203809')[0m
  [4;35;1mSQL (0.4ms)[0m   [0m SELECT name
 FROM sqlite_master
 WHERE type = 'table' AND NOT name = 'sqlite_sequence'
[0m
  [4;36;1mSQL (0.2ms)[0m   [0;1mSELECT version FROM schema_migrations[0m
  [4;35;1mSQL (0.2ms)[0m   [0m SELECT name
 FROM sqlite_master
 WHERE type = 'table' AND NOT name = 'sqlite_sequence'
[0m
  [4;36;1mSQL (0.1ms)[0m   [0;1mPRAGMA index_list("users")[0m
